# JRE version: 7.0_04-b22
# Java VM: Java HotSpot(TM) 64-Bit Server VM (23.0-b21 mixed mode windows-amd64 compressed oops)
Heap
 PSYoungGen      total 204480K, used 171251K [0x00000000f3800000, 0x0000000000000000, 0x0000000000000000)
  eden space 204160K, 83% used [0x00000000f3800000,0x00000000fdf0cd88,0x00000000fff60000)
  from space 320K, 60% used [0x00000000fff60000,0x00000000fff90000,0x00000000fffb0000)
  to   space 320K, 0% used [0x00000000fffb0000,0x00000000fffb0000,0x0000000000000000)
 ParOldGen       total 86144K, used 42854K [0x00000000da800000, 0x00000000dfc20000, 0x00000000f3800000)
  object space 86144K, 49% used [0x00000000da800000,0x00000000dd1d9948,0x00000000dfc20000)
 PSPermGen       total 21248K, used 18158K [0x00000000d5600000, 0x00000000d6ac0000, 0x00000000da800000)
  object space 21248K, 85% used [0x00000000d5600000,0x00000000d67bbbb8,0x00000000d6ac0000)
GC Heap History (10 events):
Event: 10.724 GC heap before
{Heap before GC invocations=251 (full 0):
 PSYoungGen      total 204480K, used 204320K [0x00000000f3800000, 0x0000000000000000, 0x0000000000000000)
  eden space 204160K, 100% used [0x00000000f3800000,0x00000000fff60000,0x00000000fff60000)
  from space 320K, 50% used [0x00000000fffb0000,0x00000000fffd8000,0x0000000000000000)
  to   space 320K, 0% used [0x00000000fff60000,0x00000000fff60000,0x00000000fffb0000)
 ParOldGen       total 86144K, used 42726K [0x00000000da800000, 0x00000000dfc20000, 0x00000000f3800000)
  object space 86144K, 49% used [0x00000000da800000,0x00000000dd1b9948,0x00000000dfc20000)
 PSPermGen       total 21248K, used 18130K [0x00000000d5600000, 0x00000000d6ac0000, 0x00000000da800000)
  object space 21248K, 85% used [0x00000000d5600000,0x00000000d67b4be8,0x00000000d6ac0000)
Event: 10.725 GC heap after
Heap after GC invocations=251 (full 0):
 PSYoungGen      total 204480K, used 256K [0x00000000f3800000, 0x0000000000000000, 0x0000000000000000)
  eden space 204160K, 0% used [0x00000000f3800000,0x00000000f3800000,0x00000000fff60000)
  from space 320K, 80% used [0x00000000fff60000,0x00000000fffa0000,0x00000000fffb0000)
  to   space 320K, 0% used [0x00000000fffb0000,0x00000000fffb0000,0x0000000000000000)
 ParOldGen       total 86144K, used 42774K [0x00000000da800000, 0x00000000dfc20000, 0x00000000f3800000)
  object space 86144K, 49% used [0x00000000da800000,0x00000000dd1c5948,0x00000000dfc20000)
 PSPermGen       total 21248K, used 18130K [0x00000000d5600000, 0x00000000d6ac0000, 0x00000000da800000)
  object space 21248K, 85% used [0x00000000d5600000,0x00000000d67b4be8,0x00000000d6ac0000)
}
Event: 10.741 GC heap before
{Heap before GC invocations=252 (full 0):
 PSYoungGen      total 204480K, used 204416K [0x00000000f3800000, 0x0000000000000000, 0x0000000000000000)
  eden space 204160K, 100% used [0x00000000f3800000,0x00000000fff60000,0x00000000fff60000)
  from space 320K, 80% used [0x00000000fff60000,0x00000000fffa0000,0x00000000fffb0000)
  to   space 320K, 0% used [0x00000000fffb0000,0x00000000fffb0000,0x0000000000000000)
 ParOldGen       total 86144K, used 42774K [0x00000000da800000, 0x00000000dfc20000, 0x00000000f3800000)
  object space 86144K, 49% used [0x00000000da800000,0x00000000dd1c5948,0x00000000dfc20000)
 PSPermGen       total 21248K, used 18130K [0x00000000d5600000, 0x00000000d6ac0000, 0x00000000da800000)
  object space 21248K, 85% used [0x00000000d5600000,0x00000000d67b4be8,0x00000000d6ac0000)
Event: 10.741 GC heap after
Heap after GC invocations=252 (full 0):
 PSYoungGen      total 204480K, used 224K [0x00000000f3800000, 0x0000000000000000, 0x0000000000000000)
  eden space 204160K, 0% used [0x00000000f3800000,0x00000000f3800000,0x00000000fff60000)
  from space 320K, 70% used [0x00000000fffb0000,0x00000000fffe8000,0x0000000000000000)
  to   space 320K, 0% used [0x00000000fff60000,0x00000000fff60000,0x00000000fffb0000)
 ParOldGen       total 86144K, used 42798K [0x00000000da800000, 0x00000000dfc20000, 0x00000000f3800000)
  object space 86144K, 49% used [0x00000000da800000,0x00000000dd1cb948,0x00000000dfc20000)
 PSPermGen       total 21248K, used 18130K [0x00000000d5600000, 0x00000000d6ac0000, 0x00000000da800000)
  object space 21248K, 85% used [0x00000000d5600000,0x00000000d67b4be8,0x00000000d6ac0000)
}
Event: 10.757 GC heap before
{Heap before GC invocations=253 (full 0):
 PSYoungGen      total 204480K, used 204384K [0x00000000f3800000, 0x0000000000000000, 0x0000000000000000)
  eden space 204160K, 100% used [0x00000000f3800000,0x00000000fff60000,0x00000000fff60000)
  from space 320K, 70% used [0x00000000fffb0000,0x00000000fffe8000,0x0000000000000000)
  to   space 320K, 0% used [0x00000000fff60000,0x00000000fff60000,0x00000000fffb0000)
 ParOldGen       total 86144K, used 42798K [0x00000000da800000, 0x00000000dfc20000, 0x00000000f3800000)
  object space 86144K, 49% used [0x00000000da800000,0x00000000dd1cb948,0x00000000dfc20000)
 PSPermGen       total 21248K, used 18130K [0x00000000d5600000, 0x00000000d6ac0000, 0x00000000da800000)
  object space 21248K, 85% used [0x00000000d5600000,0x00000000d67b4be8,0x00000000d6ac0000)
Event: 10.758 GC heap after
Heap after GC invocations=253 (full 0):
 PSYoungGen      total 204480K, used 192K [0x00000000f3800000, 0x0000000000000000, 0x0000000000000000)
  eden space 204160K, 0% used [0x00000000f3800000,0x00000000f3800000,0x00000000fff60000)
  from space 320K, 60% used [0x00000000fff60000,0x00000000fff90000,0x00000000fffb0000)
  to   space 320K, 0% used [0x00000000fffb0000,0x00000000fffb0000,0x0000000000000000)
 ParOldGen       total 86144K, used 42814K [0x00000000da800000, 0x00000000dfc20000, 0x00000000f3800000)
  object space 86144K, 49% used [0x00000000da800000,0x00000000dd1cf948,0x00000000dfc20000)
 PSPermGen       total 21248K, used 18130K [0x00000000d5600000, 0x00000000d6ac0000, 0x00000000da800000)
  object space 21248K, 85% used [0x00000000d5600000,0x00000000d67b4be8,0x00000000d6ac0000)
}
Event: 10.773 GC heap before
{Heap before GC invocations=254 (full 0):
 PSYoungGen      total 204480K, used 204352K [0x00000000f3800000, 0x0000000000000000, 0x0000000000000000)
  eden space 204160K, 100% used [0x00000000f3800000,0x00000000fff60000,0x00000000fff60000)
  from space 320K, 60% used [0x00000000fff60000,0x00000000fff90000,0x00000000fffb0000)
  to   space 320K, 0% used [0x00000000fffb0000,0x00000000fffb0000,0x0000000000000000)
 ParOldGen       total 86144K, used 42814K [0x00000000da800000, 0x00000000dfc20000, 0x00000000f3800000)
  object space 86144K, 49% used [0x00000000da800000,0x00000000dd1cf948,0x00000000dfc20000)
 PSPermGen       total 21248K, used 18130K [0x00000000d5600000, 0x00000000d6ac0000, 0x00000000da800000)
  object space 21248K, 85% used [0x00000000d5600000,0x00000000d67b4be8,0x00000000d6ac0000)
Event: 10.774 GC heap after
Heap after GC invocations=254 (full 0):
 PSYoungGen      total 204480K, used 256K [0x00000000f3800000, 0x0000000000000000, 0x0000000000000000)
  eden space 204160K, 0% used [0x00000000f3800000,0x00000000f3800000,0x00000000fff60000)
  from space 320K, 80% used [0x00000000fffb0000,0x00000000ffff0000,0x0000000000000000)
  to   space 320K, 0% used [0x00000000fff60000,0x00000000fff60000,0x00000000fffb0000)
 ParOldGen       total 86144K, used 42822K [0x00000000da800000, 0x00000000dfc20000, 0x00000000f3800000)
  object space 86144K, 49% used [0x00000000da800000,0x00000000dd1d1948,0x00000000dfc20000)
 PSPermGen       total 21248K, used 18130K [0x00000000d5600000, 0x00000000d6ac0000, 0x00000000da800000)
  object space 21248K, 85% used [0x00000000d5600000,0x00000000d67b4be8,0x00000000d6ac0000)
}
Event: 10.787 GC heap before
{Heap before GC invocations=255 (full 0):
 PSYoungGen      total 204480K, used 204416K [0x00000000f3800000, 0x0000000000000000, 0x0000000000000000)
  eden space 204160K, 100% used [0x00000000f3800000,0x00000000fff60000,0x00000000fff60000)
  from space 320K, 80% used [0x00000000fffb0000,0x00000000ffff0000,0x0000000000000000)
  to   space 320K, 0% used [0x00000000fff60000,0x00000000fff60000,0x00000000fffb0000)
 ParOldGen       total 86144K, used 42822K [0x00000000da800000, 0x00000000dfc20000, 0x00000000f3800000)
  object space 86144K, 49% used [0x00000000da800000,0x00000000dd1d1948,0x00000000dfc20000)
 PSPermGen       total 21248K, used 18130K [0x00000000d5600000, 0x00000000d6ac0000, 0x00000000da800000)
  object space 21248K, 85% used [0x00000000d5600000,0x00000000d67b4be8,0x00000000d6ac0000)
Event: 10.787 GC heap after
Heap after GC invocations=255 (full 0):
 PSYoungGen      total 204480K, used 192K [0x00000000f3800000, 0x0000000000000000, 0x0000000000000000)
  eden space 204160K, 0% used [0x00000000f3800000,0x00000000f3800000,0x00000000fff60000)
  from space 320K, 60% used [0x00000000fff60000,0x00000000fff90000,0x00000000fffb0000)
  to   space 320K, 0% used [0x00000000fffb0000,0x00000000fffb0000,0x0000000000000000)
 ParOldGen       total 86144K, used 42854K [0x00000000da800000, 0x00000000dfc20000, 0x00000000f3800000)
  object space 86144K, 49% used [0x00000000da800000,0x00000000dd1d9948,0x00000000dfc20000)
 PSPermGen       total 21248K, used 18130K [0x00000000d5600000, 0x00000000d6ac0000, 0x00000000da800000)
  object space 21248K, 85% used [0x00000000d5600000,0x00000000d67b4be8,0x00000000d6ac0000)
}

