# JRE version: 7.0_04-b22
# Java VM: Java HotSpot(TM) 64-Bit Server VM (23.0-b21 mixed mode windows-amd64 compressed oops)
Heap
 PSYoungGen      total 204480K, used 56608K [0x00000000f3800000, 0x0000000000000000, 0x0000000000000000)
  eden space 204160K, 27% used [0x00000000f3800000,0x00000000f6f08220,0x00000000fff60000)
  from space 320K, 80% used [0x00000000fff60000,0x00000000fffa0000,0x00000000fffb0000)
  to   space 320K, 0% used [0x00000000fffb0000,0x00000000fffb0000,0x0000000000000000)
 ParOldGen       total 86144K, used 48411K [0x00000000da800000, 0x00000000dfc20000, 0x00000000f3800000)
  object space 86144K, 56% used [0x00000000da800000,0x00000000dd746d88,0x00000000dfc20000)
 PSPermGen       total 21248K, used 18159K [0x00000000d5600000, 0x00000000d6ac0000, 0x00000000da800000)
  object space 21248K, 85% used [0x00000000d5600000,0x00000000d67bbdd0,0x00000000d6ac0000)
GC Heap History (10 events):
Event: 11.262 GC heap before
{Heap before GC invocations=347 (full 0):
 PSYoungGen      total 204480K, used 204416K [0x00000000f3800000, 0x0000000000000000, 0x0000000000000000)
  eden space 204160K, 100% used [0x00000000f3800000,0x00000000fff60000,0x00000000fff60000)
  from space 320K, 80% used [0x00000000fffb0000,0x00000000ffff0000,0x0000000000000000)
  to   space 320K, 0% used [0x00000000fff60000,0x00000000fff60000,0x00000000fffb0000)
 ParOldGen       total 86144K, used 48195K [0x00000000da800000, 0x00000000dfc20000, 0x00000000f3800000)
  object space 86144K, 55% used [0x00000000da800000,0x00000000dd710d88,0x00000000dfc20000)
 PSPermGen       total 21248K, used 18131K [0x00000000d5600000, 0x00000000d6ac0000, 0x00000000da800000)
  object space 21248K, 85% used [0x00000000d5600000,0x00000000d67b4e00,0x00000000d6ac0000)
Event: 11.262 GC heap after
Heap after GC invocations=347 (full 0):
 PSYoungGen      total 204480K, used 256K [0x00000000f3800000, 0x0000000000000000, 0x0000000000000000)
  eden space 204160K, 0% used [0x00000000f3800000,0x00000000f3800000,0x00000000fff60000)
  from space 320K, 80% used [0x00000000fff60000,0x00000000fffa0000,0x00000000fffb0000)
  to   space 320K, 0% used [0x00000000fffb0000,0x00000000fffb0000,0x0000000000000000)
 ParOldGen       total 86144K, used 48235K [0x00000000da800000, 0x00000000dfc20000, 0x00000000f3800000)
  object space 86144K, 55% used [0x00000000da800000,0x00000000dd71ad88,0x00000000dfc20000)
 PSPermGen       total 21248K, used 18131K [0x00000000d5600000, 0x00000000d6ac0000, 0x00000000da800000)
  object space 21248K, 85% used [0x00000000d5600000,0x00000000d67b4e00,0x00000000d6ac0000)
}
Event: 11.278 GC heap before
{Heap before GC invocations=348 (full 0):
 PSYoungGen      total 204480K, used 204416K [0x00000000f3800000, 0x0000000000000000, 0x0000000000000000)
  eden space 204160K, 100% used [0x00000000f3800000,0x00000000fff60000,0x00000000fff60000)
  from space 320K, 80% used [0x00000000fff60000,0x00000000fffa0000,0x00000000fffb0000)
  to   space 320K, 0% used [0x00000000fffb0000,0x00000000fffb0000,0x0000000000000000)
 ParOldGen       total 86144K, used 48235K [0x00000000da800000, 0x00000000dfc20000, 0x00000000f3800000)
  object space 86144K, 55% used [0x00000000da800000,0x00000000dd71ad88,0x00000000dfc20000)
 PSPermGen       total 21248K, used 18131K [0x00000000d5600000, 0x00000000d6ac0000, 0x00000000da800000)
  object space 21248K, 85% used [0x00000000d5600000,0x00000000d67b4e00,0x00000000d6ac0000)
Event: 11.279 GC heap after
Heap after GC invocations=348 (full 0):
 PSYoungGen      total 204480K, used 256K [0x00000000f3800000, 0x0000000000000000, 0x0000000000000000)
  eden space 204160K, 0% used [0x00000000f3800000,0x00000000f3800000,0x00000000fff60000)
  from space 320K, 80% used [0x00000000fffb0000,0x00000000ffff0000,0x0000000000000000)
  to   space 320K, 0% used [0x00000000fff60000,0x00000000fff60000,0x00000000fffb0000)
 ParOldGen       total 86144K, used 48275K [0x00000000da800000, 0x00000000dfc20000, 0x00000000f3800000)
  object space 86144K, 56% used [0x00000000da800000,0x00000000dd724d88,0x00000000dfc20000)
 PSPermGen       total 21248K, used 18131K [0x00000000d5600000, 0x00000000d6ac0000, 0x00000000da800000)
  object space 21248K, 85% used [0x00000000d5600000,0x00000000d67b4e00,0x00000000d6ac0000)
}
Event: 11.295 GC heap before
{Heap before GC invocations=349 (full 0):
 PSYoungGen      total 204480K, used 204416K [0x00000000f3800000, 0x0000000000000000, 0x0000000000000000)
  eden space 204160K, 100% used [0x00000000f3800000,0x00000000fff60000,0x00000000fff60000)
  from space 320K, 80% used [0x00000000fffb0000,0x00000000ffff0000,0x0000000000000000)
  to   space 320K, 0% used [0x00000000fff60000,0x00000000fff60000,0x00000000fffb0000)
 ParOldGen       total 86144K, used 48275K [0x00000000da800000, 0x00000000dfc20000, 0x00000000f3800000)
  object space 86144K, 56% used [0x00000000da800000,0x00000000dd724d88,0x00000000dfc20000)
 PSPermGen       total 21248K, used 18131K [0x00000000d5600000, 0x00000000d6ac0000, 0x00000000da800000)
  object space 21248K, 85% used [0x00000000d5600000,0x00000000d67b4e00,0x00000000d6ac0000)
Event: 11.295 GC heap after
Heap after GC invocations=349 (full 0):
 PSYoungGen      total 204480K, used 256K [0x00000000f3800000, 0x0000000000000000, 0x0000000000000000)
  eden space 204160K, 0% used [0x00000000f3800000,0x00000000f3800000,0x00000000fff60000)
  from space 320K, 80% used [0x00000000fff60000,0x00000000fffa0000,0x00000000fffb0000)
  to   space 320K, 0% used [0x00000000fffb0000,0x00000000fffb0000,0x0000000000000000)
 ParOldGen       total 86144K, used 48315K [0x00000000da800000, 0x00000000dfc20000, 0x00000000f3800000)
  object space 86144K, 56% used [0x00000000da800000,0x00000000dd72ed88,0x00000000dfc20000)
 PSPermGen       total 21248K, used 18131K [0x00000000d5600000, 0x00000000d6ac0000, 0x00000000da800000)
  object space 21248K, 85% used [0x00000000d5600000,0x00000000d67b4e00,0x00000000d6ac0000)
}
Event: 11.311 GC heap before
{Heap before GC invocations=350 (full 0):
 PSYoungGen      total 204480K, used 204416K [0x00000000f3800000, 0x0000000000000000, 0x0000000000000000)
  eden space 204160K, 100% used [0x00000000f3800000,0x00000000fff60000,0x00000000fff60000)
  from space 320K, 80% used [0x00000000fff60000,0x00000000fffa0000,0x00000000fffb0000)
  to   space 320K, 0% used [0x00000000fffb0000,0x00000000fffb0000,0x0000000000000000)
 ParOldGen       total 86144K, used 48315K [0x00000000da800000, 0x00000000dfc20000, 0x00000000f3800000)
  object space 86144K, 56% used [0x00000000da800000,0x00000000dd72ed88,0x00000000dfc20000)
 PSPermGen       total 21248K, used 18131K [0x00000000d5600000, 0x00000000d6ac0000, 0x00000000da800000)
  object space 21248K, 85% used [0x00000000d5600000,0x00000000d67b4e00,0x00000000d6ac0000)
Event: 11.312 GC heap after
Heap after GC invocations=350 (full 0):
 PSYoungGen      total 204480K, used 256K [0x00000000f3800000, 0x0000000000000000, 0x0000000000000000)
  eden space 204160K, 0% used [0x00000000f3800000,0x00000000f3800000,0x00000000fff60000)
  from space 320K, 80% used [0x00000000fffb0000,0x00000000ffff0000,0x0000000000000000)
  to   space 320K, 0% used [0x00000000fff60000,0x00000000fff60000,0x00000000fffb0000)
 ParOldGen       total 86144K, used 48363K [0x00000000da800000, 0x00000000dfc20000, 0x00000000f3800000)
  object space 86144K, 56% used [0x00000000da800000,0x00000000dd73ad88,0x00000000dfc20000)
 PSPermGen       total 21248K, used 18131K [0x00000000d5600000, 0x00000000d6ac0000, 0x00000000da800000)
  object space 21248K, 85% used [0x00000000d5600000,0x00000000d67b4e00,0x00000000d6ac0000)
}
Event: 11.328 GC heap before
{Heap before GC invocations=351 (full 0):
 PSYoungGen      total 204480K, used 204416K [0x00000000f3800000, 0x0000000000000000, 0x0000000000000000)
  eden space 204160K, 100% used [0x00000000f3800000,0x00000000fff60000,0x00000000fff60000)
  from space 320K, 80% used [0x00000000fffb0000,0x00000000ffff0000,0x0000000000000000)
  to   space 320K, 0% used [0x00000000fff60000,0x00000000fff60000,0x00000000fffb0000)
 ParOldGen       total 86144K, used 48363K [0x00000000da800000, 0x00000000dfc20000, 0x00000000f3800000)
  object space 86144K, 56% used [0x00000000da800000,0x00000000dd73ad88,0x00000000dfc20000)
 PSPermGen       total 21248K, used 18131K [0x00000000d5600000, 0x00000000d6ac0000, 0x00000000da800000)
  object space 21248K, 85% used [0x00000000d5600000,0x00000000d67b4e00,0x00000000d6ac0000)
Event: 11.328 GC heap after
Heap after GC invocations=351 (full 0):
 PSYoungGen      total 204480K, used 256K [0x00000000f3800000, 0x0000000000000000, 0x0000000000000000)
  eden space 204160K, 0% used [0x00000000f3800000,0x00000000f3800000,0x00000000fff60000)
  from space 320K, 80% used [0x00000000fff60000,0x00000000fffa0000,0x00000000fffb0000)
  to   space 320K, 0% used [0x00000000fffb0000,0x00000000fffb0000,0x0000000000000000)
 ParOldGen       total 86144K, used 48411K [0x00000000da800000, 0x00000000dfc20000, 0x00000000f3800000)
  object space 86144K, 56% used [0x00000000da800000,0x00000000dd746d88,0x00000000dfc20000)
 PSPermGen       total 21248K, used 18131K [0x00000000d5600000, 0x00000000d6ac0000, 0x00000000da800000)
  object space 21248K, 85% used [0x00000000d5600000,0x00000000d67b4e00,0x00000000d6ac0000)
}

