# JRE version: 7.0_04-b22
# Java VM: Java HotSpot(TM) 64-Bit Server VM (23.0-b21 mixed mode windows-amd64 compressed oops)
Heap
 PSYoungGen      total 204480K, used 201646K [0x00000000f3800000, 0x0000000000000000, 0x0000000000000000)
  eden space 204160K, 98% used [0x00000000f3800000,0x00000000ffcabb28,0x00000000fff60000)
  from space 320K, 80% used [0x00000000fffb0000,0x00000000ffff0000,0x0000000000000000)
  to   space 320K, 0% used [0x00000000fff60000,0x00000000fff60000,0x00000000fffb0000)
 ParOldGen       total 86144K, used 47510K [0x00000000da800000, 0x00000000dfc20000, 0x00000000f3800000)
  object space 86144K, 55% used [0x00000000da800000,0x00000000dd665a88,0x00000000dfc20000)
 PSPermGen       total 21248K, used 18155K [0x00000000d5600000, 0x00000000d6ac0000, 0x00000000da800000)
  object space 21248K, 85% used [0x00000000d5600000,0x00000000d67bae60,0x00000000d6ac0000)
GC Heap History (10 events):
Event: 11.744 GC heap before
{Heap before GC invocations=326 (full 0):
 PSYoungGen      total 204480K, used 204384K [0x00000000f3800000, 0x0000000000000000, 0x0000000000000000)
  eden space 204160K, 100% used [0x00000000f3800000,0x00000000fff60000,0x00000000fff60000)
  from space 320K, 70% used [0x00000000fff60000,0x00000000fff98000,0x00000000fffb0000)
  to   space 320K, 0% used [0x00000000fffb0000,0x00000000fffb0000,0x0000000000000000)
 ParOldGen       total 86144K, used 47270K [0x00000000da800000, 0x00000000dfc20000, 0x00000000f3800000)
  object space 86144K, 54% used [0x00000000da800000,0x00000000dd629a88,0x00000000dfc20000)
 PSPermGen       total 21248K, used 18127K [0x00000000d5600000, 0x00000000d6ac0000, 0x00000000da800000)
  object space 21248K, 85% used [0x00000000d5600000,0x00000000d67b3db0,0x00000000d6ac0000)
Event: 11.745 GC heap after
Heap after GC invocations=326 (full 0):
 PSYoungGen      total 204480K, used 224K [0x00000000f3800000, 0x0000000000000000, 0x0000000000000000)
  eden space 204160K, 0% used [0x00000000f3800000,0x00000000f3800000,0x00000000fff60000)
  from space 320K, 70% used [0x00000000fffb0000,0x00000000fffe8000,0x0000000000000000)
  to   space 320K, 0% used [0x00000000fff60000,0x00000000fff60000,0x00000000fffb0000)
 ParOldGen       total 86144K, used 47326K [0x00000000da800000, 0x00000000dfc20000, 0x00000000f3800000)
  object space 86144K, 54% used [0x00000000da800000,0x00000000dd637a88,0x00000000dfc20000)
 PSPermGen       total 21248K, used 18127K [0x00000000d5600000, 0x00000000d6ac0000, 0x00000000da800000)
  object space 21248K, 85% used [0x00000000d5600000,0x00000000d67b3db0,0x00000000d6ac0000)
}
Event: 11.762 GC heap before
{Heap before GC invocations=327 (full 0):
 PSYoungGen      total 204480K, used 204384K [0x00000000f3800000, 0x0000000000000000, 0x0000000000000000)
  eden space 204160K, 100% used [0x00000000f3800000,0x00000000fff60000,0x00000000fff60000)
  from space 320K, 70% used [0x00000000fffb0000,0x00000000fffe8000,0x0000000000000000)
  to   space 320K, 0% used [0x00000000fff60000,0x00000000fff60000,0x00000000fffb0000)
 ParOldGen       total 86144K, used 47326K [0x00000000da800000, 0x00000000dfc20000, 0x00000000f3800000)
  object space 86144K, 54% used [0x00000000da800000,0x00000000dd637a88,0x00000000dfc20000)
 PSPermGen       total 21248K, used 18127K [0x00000000d5600000, 0x00000000d6ac0000, 0x00000000da800000)
  object space 21248K, 85% used [0x00000000d5600000,0x00000000d67b3db0,0x00000000d6ac0000)
Event: 11.762 GC heap after
Heap after GC invocations=327 (full 0):
 PSYoungGen      total 204480K, used 256K [0x00000000f3800000, 0x0000000000000000, 0x0000000000000000)
  eden space 204160K, 0% used [0x00000000f3800000,0x00000000f3800000,0x00000000fff60000)
  from space 320K, 80% used [0x00000000fff60000,0x00000000fffa0000,0x00000000fffb0000)
  to   space 320K, 0% used [0x00000000fffb0000,0x00000000fffb0000,0x0000000000000000)
 ParOldGen       total 86144K, used 47366K [0x00000000da800000, 0x00000000dfc20000, 0x00000000f3800000)
  object space 86144K, 54% used [0x00000000da800000,0x00000000dd641a88,0x00000000dfc20000)
 PSPermGen       total 21248K, used 18127K [0x00000000d5600000, 0x00000000d6ac0000, 0x00000000da800000)
  object space 21248K, 85% used [0x00000000d5600000,0x00000000d67b3db0,0x00000000d6ac0000)
}
Event: 11.778 GC heap before
{Heap before GC invocations=328 (full 0):
 PSYoungGen      total 204480K, used 204416K [0x00000000f3800000, 0x0000000000000000, 0x0000000000000000)
  eden space 204160K, 100% used [0x00000000f3800000,0x00000000fff60000,0x00000000fff60000)
  from space 320K, 80% used [0x00000000fff60000,0x00000000fffa0000,0x00000000fffb0000)
  to   space 320K, 0% used [0x00000000fffb0000,0x00000000fffb0000,0x0000000000000000)
 ParOldGen       total 86144K, used 47366K [0x00000000da800000, 0x00000000dfc20000, 0x00000000f3800000)
  object space 86144K, 54% used [0x00000000da800000,0x00000000dd641a88,0x00000000dfc20000)
 PSPermGen       total 21248K, used 18127K [0x00000000d5600000, 0x00000000d6ac0000, 0x00000000da800000)
  object space 21248K, 85% used [0x00000000d5600000,0x00000000d67b3db0,0x00000000d6ac0000)
Event: 11.779 GC heap after
Heap after GC invocations=328 (full 0):
 PSYoungGen      total 204480K, used 256K [0x00000000f3800000, 0x0000000000000000, 0x0000000000000000)
  eden space 204160K, 0% used [0x00000000f3800000,0x00000000f3800000,0x00000000fff60000)
  from space 320K, 80% used [0x00000000fffb0000,0x00000000ffff0000,0x0000000000000000)
  to   space 320K, 0% used [0x00000000fff60000,0x00000000fff60000,0x00000000fffb0000)
 ParOldGen       total 86144K, used 47414K [0x00000000da800000, 0x00000000dfc20000, 0x00000000f3800000)
  object space 86144K, 55% used [0x00000000da800000,0x00000000dd64da88,0x00000000dfc20000)
 PSPermGen       total 21248K, used 18127K [0x00000000d5600000, 0x00000000d6ac0000, 0x00000000da800000)
  object space 21248K, 85% used [0x00000000d5600000,0x00000000d67b3db0,0x00000000d6ac0000)
}
Event: 11.794 GC heap before
{Heap before GC invocations=329 (full 0):
 PSYoungGen      total 204480K, used 204416K [0x00000000f3800000, 0x0000000000000000, 0x0000000000000000)
  eden space 204160K, 100% used [0x00000000f3800000,0x00000000fff60000,0x00000000fff60000)
  from space 320K, 80% used [0x00000000fffb0000,0x00000000ffff0000,0x0000000000000000)
  to   space 320K, 0% used [0x00000000fff60000,0x00000000fff60000,0x00000000fffb0000)
 ParOldGen       total 86144K, used 47414K [0x00000000da800000, 0x00000000dfc20000, 0x00000000f3800000)
  object space 86144K, 55% used [0x00000000da800000,0x00000000dd64da88,0x00000000dfc20000)
 PSPermGen       total 21248K, used 18127K [0x00000000d5600000, 0x00000000d6ac0000, 0x00000000da800000)
  object space 21248K, 85% used [0x00000000d5600000,0x00000000d67b3db0,0x00000000d6ac0000)
Event: 11.795 GC heap after
Heap after GC invocations=329 (full 0):
 PSYoungGen      total 204480K, used 256K [0x00000000f3800000, 0x0000000000000000, 0x0000000000000000)
  eden space 204160K, 0% used [0x00000000f3800000,0x00000000f3800000,0x00000000fff60000)
  from space 320K, 80% used [0x00000000fff60000,0x00000000fffa0000,0x00000000fffb0000)
  to   space 320K, 0% used [0x00000000fffb0000,0x00000000fffb0000,0x0000000000000000)
 ParOldGen       total 86144K, used 47462K [0x00000000da800000, 0x00000000dfc20000, 0x00000000f3800000)
  object space 86144K, 55% used [0x00000000da800000,0x00000000dd659a88,0x00000000dfc20000)
 PSPermGen       total 21248K, used 18127K [0x00000000d5600000, 0x00000000d6ac0000, 0x00000000da800000)
  object space 21248K, 85% used [0x00000000d5600000,0x00000000d67b3db0,0x00000000d6ac0000)
}
Event: 11.810 GC heap before
{Heap before GC invocations=330 (full 0):
 PSYoungGen      total 204480K, used 204416K [0x00000000f3800000, 0x0000000000000000, 0x0000000000000000)
  eden space 204160K, 100% used [0x00000000f3800000,0x00000000fff60000,0x00000000fff60000)
  from space 320K, 80% used [0x00000000fff60000,0x00000000fffa0000,0x00000000fffb0000)
  to   space 320K, 0% used [0x00000000fffb0000,0x00000000fffb0000,0x0000000000000000)
 ParOldGen       total 86144K, used 47462K [0x00000000da800000, 0x00000000dfc20000, 0x00000000f3800000)
  object space 86144K, 55% used [0x00000000da800000,0x00000000dd659a88,0x00000000dfc20000)
 PSPermGen       total 21248K, used 18127K [0x00000000d5600000, 0x00000000d6ac0000, 0x00000000da800000)
  object space 21248K, 85% used [0x00000000d5600000,0x00000000d67b3db0,0x00000000d6ac0000)
Event: 11.811 GC heap after
Heap after GC invocations=330 (full 0):
 PSYoungGen      total 204480K, used 256K [0x00000000f3800000, 0x0000000000000000, 0x0000000000000000)
  eden space 204160K, 0% used [0x00000000f3800000,0x00000000f3800000,0x00000000fff60000)
  from space 320K, 80% used [0x00000000fffb0000,0x00000000ffff0000,0x0000000000000000)
  to   space 320K, 0% used [0x00000000fff60000,0x00000000fff60000,0x00000000fffb0000)
 ParOldGen       total 86144K, used 47510K [0x00000000da800000, 0x00000000dfc20000, 0x00000000f3800000)
  object space 86144K, 55% used [0x00000000da800000,0x00000000dd665a88,0x00000000dfc20000)
 PSPermGen       total 21248K, used 18127K [0x00000000d5600000, 0x00000000d6ac0000, 0x00000000da800000)
  object space 21248K, 85% used [0x00000000d5600000,0x00000000d67b3db0,0x00000000d6ac0000)
}

