# JRE version: Java(TM) SE Runtime Environment (7.0_67-b01) (build 1.7.0_67-b01)
# Java VM: Java HotSpot(TM) 64-Bit Server VM (24.65-b04 mixed mode windows-amd64 compressed oops)
Heap
 PSYoungGen      total 2056192K, used 655855K [0x0000000780000000, 0x00000007ffe00000, 0x0000000800000000)
  eden space 2018304K, 30% used [0x0000000780000000,0x00000007a622fcb8,0x00000007fb300000)
  from space 37888K, 81% used [0x00000007fd900000,0x00000007ff74c168,0x00000007ffe00000)
  to   space 38400K, 0% used [0x00000007fb300000,0x00000007fb300000,0x00000007fd880000)
 ParOldGen       total 541184K, used 271350K [0x0000000680000000, 0x00000006a1080000, 0x0000000780000000)
  object space 541184K, 50% used [0x0000000680000000,0x00000006908fda48,0x00000006a1080000)
 PSPermGen       total 83456K, used 41426K [0x000000067ae00000, 0x000000067ff80000, 0x0000000680000000)
  object space 83456K, 49% used [0x000000067ae00000,0x000000067d674a88,0x000000067ff80000)
GC Heap History (10 events):
Event: 1496.335 GC heap before
{Heap before GC invocations=838 (full 4):
 PSYoungGen      total 2049536K, used 2036368K [0x0000000780000000, 0x00000007fff00000, 0x0000000800000000)
  eden space 2005504K, 100% used [0x0000000780000000,0x00000007fa680000,0x00000007fa680000)
  from space 44032K, 70% used [0x00000007fa680000,0x00000007fc4a4168,0x00000007fd180000)
  to   space 43008K, 0% used [0x00000007fd500000,0x00000007fd500000,0x00000007fff00000)
 ParOldGen       total 541184K, used 261838K [0x0000000680000000, 0x00000006a1080000, 0x0000000780000000)
  object space 541184K, 48% used [0x0000000680000000,0x000000068ffb3a48,0x00000006a1080000)
 PSPermGen       total 83456K, used 41364K [0x000000067ae00000, 0x000000067ff80000, 0x0000000680000000)
  object space 83456K, 49% used [0x000000067ae00000,0x000000067d665180,0x000000067ff80000)
Event: 1496.399 GC heap after
Heap after GC invocations=838 (full 4):
 PSYoungGen      total 2051072K, used 30800K [0x0000000780000000, 0x00000007ffd00000, 0x0000000800000000)
  eden space 2010112K, 0% used [0x0000000780000000,0x0000000780000000,0x00000007fab00000)
  from space 40960K, 75% used [0x00000007fd500000,0x00000007ff314168,0x00000007ffd00000)
  to   space 41984K, 0% used [0x00000007fab00000,0x00000007fab00000,0x00000007fd400000)
 ParOldGen       total 541184K, used 263742K [0x0000000680000000, 0x00000006a1080000, 0x0000000780000000)
  object space 541184K, 48% used [0x0000000680000000,0x000000069018fa48,0x00000006a1080000)
 PSPermGen       total 83456K, used 41364K [0x000000067ae00000, 0x000000067ff80000, 0x0000000680000000)
  object space 83456K, 49% used [0x000000067ae00000,0x000000067d665180,0x000000067ff80000)
}
Event: 1499.513 GC heap before
{Heap before GC invocations=839 (full 4):
 PSYoungGen      total 2051072K, used 2040912K [0x0000000780000000, 0x00000007ffd00000, 0x0000000800000000)
  eden space 2010112K, 100% used [0x0000000780000000,0x00000007fab00000,0x00000007fab00000)
  from space 40960K, 75% used [0x00000007fd500000,0x00000007ff314168,0x00000007ffd00000)
  to   space 41984K, 0% used [0x00000007fab00000,0x00000007fab00000,0x00000007fd400000)
 ParOldGen       total 541184K, used 263742K [0x0000000680000000, 0x00000006a1080000, 0x0000000780000000)
  object space 541184K, 48% used [0x0000000680000000,0x000000069018fa48,0x00000006a1080000)
 PSPermGen       total 83456K, used 41364K [0x000000067ae00000, 0x000000067ff80000, 0x0000000680000000)
  object space 83456K, 49% used [0x000000067ae00000,0x000000067d665180,0x000000067ff80000)
Event: 1499.578 GC heap after
Heap after GC invocations=839 (full 4):
 PSYoungGen      total 2052096K, used 30864K [0x0000000780000000, 0x00000007fff00000, 0x0000000800000000)
  eden space 2010112K, 0% used [0x0000000780000000,0x0000000780000000,0x00000007fab00000)
  from space 41984K, 73% used [0x00000007fab00000,0x00000007fc924168,0x00000007fd400000)
  to   space 40960K, 0% used [0x00000007fd700000,0x00000007fd700000,0x00000007fff00000)
 ParOldGen       total 541184K, used 265670K [0x0000000680000000, 0x00000006a1080000, 0x0000000780000000)
  object space 541184K, 49% used [0x0000000680000000,0x0000000690371a48,0x00000006a1080000)
 PSPermGen       total 83456K, used 41364K [0x000000067ae00000, 0x000000067ff80000, 0x0000000680000000)
  object space 83456K, 49% used [0x000000067ae00000,0x000000067d665180,0x000000067ff80000)
}
Event: 1502.668 GC heap before
{Heap before GC invocations=840 (full 4):
 PSYoungGen      total 2052096K, used 2040976K [0x0000000780000000, 0x00000007fff00000, 0x0000000800000000)
  eden space 2010112K, 100% used [0x0000000780000000,0x00000007fab00000,0x00000007fab00000)
  from space 41984K, 73% used [0x00000007fab00000,0x00000007fc924168,0x00000007fd400000)
  to   space 40960K, 0% used [0x00000007fd700000,0x00000007fd700000,0x00000007fff00000)
 ParOldGen       total 541184K, used 265670K [0x0000000680000000, 0x00000006a1080000, 0x0000000780000000)
  object space 541184K, 49% used [0x0000000680000000,0x0000000690371a48,0x00000006a1080000)
 PSPermGen       total 83456K, used 41364K [0x000000067ae00000, 0x000000067ff80000, 0x0000000680000000)
  object space 83456K, 49% used [0x000000067ae00000,0x000000067d665180,0x000000067ff80000)
Event: 1502.733 GC heap after
Heap after GC invocations=840 (full 4):
 PSYoungGen      total 2053120K, used 31056K [0x0000000780000000, 0x00000007ffd00000, 0x0000000800000000)
  eden space 2014208K, 0% used [0x0000000780000000,0x0000000780000000,0x00000007faf00000)
  from space 38912K, 79% used [0x00000007fd700000,0x00000007ff554168,0x00000007ffd00000)
  to   space 39936K, 0% used [0x00000007faf00000,0x00000007faf00000,0x00000007fd600000)
 ParOldGen       total 541184K, used 267582K [0x0000000680000000, 0x00000006a1080000, 0x0000000780000000)
  object space 541184K, 49% used [0x0000000680000000,0x000000069054fa48,0x00000006a1080000)
 PSPermGen       total 83456K, used 41364K [0x000000067ae00000, 0x000000067ff80000, 0x0000000680000000)
  object space 83456K, 49% used [0x000000067ae00000,0x000000067d665180,0x000000067ff80000)
}
Event: 1505.977 GC heap before
{Heap before GC invocations=841 (full 4):
 PSYoungGen      total 2053120K, used 2045264K [0x0000000780000000, 0x00000007ffd00000, 0x0000000800000000)
  eden space 2014208K, 100% used [0x0000000780000000,0x00000007faf00000,0x00000007faf00000)
  from space 38912K, 79% used [0x00000007fd700000,0x00000007ff554168,0x00000007ffd00000)
  to   space 39936K, 0% used [0x00000007faf00000,0x00000007faf00000,0x00000007fd600000)
 ParOldGen       total 541184K, used 267582K [0x0000000680000000, 0x00000006a1080000, 0x0000000780000000)
  object space 541184K, 49% used [0x0000000680000000,0x000000069054fa48,0x00000006a1080000)
 PSPermGen       total 83456K, used 41364K [0x000000067ae00000, 0x000000067ff80000, 0x0000000680000000)
  object space 83456K, 49% used [0x000000067ae00000,0x000000067d665180,0x000000067ff80000)
Event: 1506.028 GC heap after
Heap after GC invocations=841 (full 4):
 PSYoungGen      total 2054144K, used 30992K [0x0000000780000000, 0x00000007fff00000, 0x0000000800000000)
  eden space 2014208K, 0% used [0x0000000780000000,0x0000000780000000,0x00000007faf00000)
  from space 39936K, 77% used [0x00000007faf00000,0x00000007fcd44168,0x00000007fd600000)
  to   space 38912K, 0% used [0x00000007fd900000,0x00000007fd900000,0x00000007fff00000)
 ParOldGen       total 541184K, used 269454K [0x0000000680000000, 0x00000006a1080000, 0x0000000780000000)
  object space 541184K, 49% used [0x0000000680000000,0x0000000690723a48,0x00000006a1080000)
 PSPermGen       total 83456K, used 41364K [0x000000067ae00000, 0x000000067ff80000, 0x0000000680000000)
  object space 83456K, 49% used [0x000000067ae00000,0x000000067d665180,0x000000067ff80000)
}
Event: 1509.177 GC heap before
{Heap before GC invocations=842 (full 4):
 PSYoungGen      total 2054144K, used 2045200K [0x0000000780000000, 0x00000007fff00000, 0x0000000800000000)
  eden space 2014208K, 100% used [0x0000000780000000,0x00000007faf00000,0x00000007faf00000)
  from space 39936K, 77% used [0x00000007faf00000,0x00000007fcd44168,0x00000007fd600000)
  to   space 38912K, 0% used [0x00000007fd900000,0x00000007fd900000,0x00000007fff00000)
 ParOldGen       total 541184K, used 269454K [0x0000000680000000, 0x00000006a1080000, 0x0000000780000000)
  object space 541184K, 49% used [0x0000000680000000,0x0000000690723a48,0x00000006a1080000)
 PSPermGen       total 83456K, used 41364K [0x000000067ae00000, 0x000000067ff80000, 0x0000000680000000)
  object space 83456K, 49% used [0x000000067ae00000,0x000000067d665180,0x000000067ff80000)
Event: 1509.242 GC heap after
Heap after GC invocations=842 (full 4):
 PSYoungGen      total 2056192K, used 31024K [0x0000000780000000, 0x00000007ffe00000, 0x0000000800000000)
  eden space 2018304K, 0% used [0x0000000780000000,0x0000000780000000,0x00000007fb300000)
  from space 37888K, 81% used [0x00000007fd900000,0x00000007ff74c168,0x00000007ffe00000)
  to   space 38400K, 0% used [0x00000007fb300000,0x00000007fb300000,0x00000007fd880000)
 ParOldGen       total 541184K, used 271350K [0x0000000680000000, 0x00000006a1080000, 0x0000000780000000)
  object space 541184K, 50% used [0x0000000680000000,0x00000006908fda48,0x00000006a1080000)
 PSPermGen       total 83456K, used 41364K [0x000000067ae00000, 0x000000067ff80000, 0x0000000680000000)
  object space 83456K, 49% used [0x000000067ae00000,0x000000067d665180,0x000000067ff80000)
}

